<?xml version="1.0" encoding="UTF-8"?>
<!-- Generated by org.testng.reporters.JUnitXMLReporter -->
<testsuite ignored="0" hostname="Ebrahim" failures="0" tests="3" name="Default test" time="0.05" errors="0" timestamp="2023-10-01T12:22:58 EDT">
  <testcase classname="com.ebrahim.TestNGExamples" name="firstTest" time="0.006"/>
  <testcase classname="com.ebrahim.TestNGExamples" name="Sum" time="0.001"/>
  <testcase classname="com.ebrahim.TestNGExamples" name="TestExample" time="0.002"/>
</testsuite> <!-- Default test -->
