<?xml version="1.0" encoding="UTF-8"?>
<testng-results ignored="0" total="1" passed="1" failed="0" skipped="0">
  <reporter-output>
  </reporter-output>
  <suite started-at="2023-09-30T13:01:04 EDT" name="Default suite" finished-at="2023-09-30T13:01:16 EDT" duration-ms="12562">
    <groups>
    </groups>
    <test started-at="2023-09-30T13:01:04 EDT" name="Default test" finished-at="2023-09-30T13:01:16 EDT" duration-ms="12562">
      <class name="com.ebrahim.FirstAutomation">
        <test-method is-config="true" signature="startBrowser()[pri:0, instance:com.ebrahim.FirstAutomation@437da279]" started-at="2023-09-30T13:01:01 EDT" name="startBrowser" finished-at="2023-09-30T13:01:04 EDT" duration-ms="2881" status="PASS">
          <reporter-output>
          </reporter-output>
        </test-method> <!-- startBrowser -->
        <test-method signature="openUrl()[pri:0, instance:com.ebrahim.FirstAutomation@437da279]" started-at="2023-09-30T13:01:04 EDT" name="openUrl" finished-at="2023-09-30T13:01:16 EDT" duration-ms="12543" status="PASS">
          <reporter-output>
          </reporter-output>
        </test-method> <!-- openUrl -->
        <test-method is-config="true" signature="close()[pri:0, instance:com.ebrahim.FirstAutomation@437da279]" started-at="2023-09-30T13:01:16 EDT" name="close" finished-at="2023-09-30T13:01:17 EDT" duration-ms="1045" status="PASS">
          <reporter-output>
          </reporter-output>
        </test-method> <!-- close -->
      </class> <!-- com.ebrahim.FirstAutomation -->
    </test> <!-- Default test -->
  </suite> <!-- Default suite -->
</testng-results>
